2015-12-10 23:17:18  [ main:0 ] - [ DEBUG ]  SpringJUnit4ClassRunner constructor called with [class com.nox.rehia.services.UserServiceTest].
  2015-12-10 23:17:18  [ main:42 ] - [ DEBUG ]  Delegating to GenericXmlContextLoader to process context configuration [ContextConfigurationAttributes@47d384ee declaringClass = 'com.nox.rehia.test.SpringTestCase', locations = '{classpath:application.xml}', classes = '{}', inheritLocations = true, initializers = '{}', inheritInitializers = true, name = [null], contextLoaderClass = 'org.springframework.test.context.ContextLoader'].
  2015-12-10 23:17:18  [ main:46 ] - [ DEBUG ]  Could not find an 'annotation declaring class' for annotation type [org.springframework.test.context.ActiveProfiles] and class [com.nox.rehia.services.UserServiceTest]
  2015-12-10 23:17:18  [ main:49 ] - [ INFO ]  Could not instantiate TestExecutionListener class [org.springframework.test.context.web.ServletTestExecutionListener]. Specify custom listener classes or make the default listener classes (and their dependencies) available.
  2015-12-10 23:17:18  [ main:53 ] - [ DEBUG ]  Retrieved @ProfileValueSourceConfiguration [null] for test class [com.nox.rehia.services.UserServiceTest]
  2015-12-10 23:17:18  [ main:53 ] - [ DEBUG ]  Retrieved ProfileValueSource type [class org.springframework.test.annotation.SystemProfileValueSource] for class [com.nox.rehia.services.UserServiceTest]
  2015-12-10 23:17:18  [ main:60 ] - [ DEBUG ]  Retrieved @ProfileValueSourceConfiguration [null] for test class [com.nox.rehia.services.UserServiceTest]
  2015-12-10 23:17:18  [ main:60 ] - [ DEBUG ]  Retrieved ProfileValueSource type [class org.springframework.test.annotation.SystemProfileValueSource] for class [com.nox.rehia.services.UserServiceTest]
  2015-12-10 23:17:18  [ main:62 ] - [ DEBUG ]  Retrieved @ProfileValueSourceConfiguration [null] for test class [com.nox.rehia.services.UserServiceTest]
  2015-12-10 23:17:18  [ main:62 ] - [ DEBUG ]  Retrieved ProfileValueSource type [class org.springframework.test.annotation.SystemProfileValueSource] for class [com.nox.rehia.services.UserServiceTest]
  2015-12-10 23:17:18  [ main:63 ] - [ DEBUG ]  Retrieved @ProfileValueSourceConfiguration [null] for test class [com.nox.rehia.services.UserServiceTest]
  2015-12-10 23:17:18  [ main:64 ] - [ DEBUG ]  Retrieved ProfileValueSource type [class org.springframework.test.annotation.SystemProfileValueSource] for class [com.nox.rehia.services.UserServiceTest]
  2015-12-10 23:17:18  [ main:66 ] - [ DEBUG ]  Retrieved @ProfileValueSourceConfiguration [null] for test class [com.nox.rehia.services.UserServiceTest]
  2015-12-10 23:17:18  [ main:67 ] - [ DEBUG ]  Retrieved ProfileValueSource type [class org.springframework.test.annotation.SystemProfileValueSource] for class [com.nox.rehia.services.UserServiceTest]
  2015-12-10 23:17:18  [ main:80 ] - [ DEBUG ]  Performing dependency injection for test context [[TestContext@71c7db30 testClass = UserServiceTest, testInstance = com.nox.rehia.services.UserServiceTest@19bb089b, testMethod = [null], testException = [null], mergedContextConfiguration = [MergedContextConfiguration@4563e9ab testClass = UserServiceTest, locations = '{classpath:application.xml}', classes = '{}', contextInitializerClasses = '[]', activeProfiles = '{}', contextLoader = 'org.springframework.test.context.support.DelegatingSmartContextLoader', parent = [null]]]].
  2015-12-10 23:17:18  [ main:81 ] - [ DEBUG ]  Delegating to GenericXmlContextLoader to load context from [MergedContextConfiguration@4563e9ab testClass = UserServiceTest, locations = '{classpath:application.xml}', classes = '{}', contextInitializerClasses = '[]', activeProfiles = '{}', contextLoader = 'org.springframework.test.context.support.DelegatingSmartContextLoader', parent = [null]].
  2015-12-10 23:17:18  [ main:81 ] - [ DEBUG ]  Loading ApplicationContext for merged context configuration [[MergedContextConfiguration@4563e9ab testClass = UserServiceTest, locations = '{classpath:application.xml}', classes = '{}', contextInitializerClasses = '[]', activeProfiles = '{}', contextLoader = 'org.springframework.test.context.support.DelegatingSmartContextLoader', parent = [null]]].
  2015-12-10 23:17:18  [ main:186 ] - [ DEBUG ]  Adding [systemProperties] PropertySource with lowest search precedence
  2015-12-10 23:17:18  [ main:189 ] - [ DEBUG ]  Adding [systemEnvironment] PropertySource with lowest search precedence
  2015-12-10 23:17:18  [ main:189 ] - [ DEBUG ]  Initialized StandardEnvironment with PropertySources [systemProperties,systemEnvironment]
  2015-12-10 23:17:18  [ main:202 ] - [ INFO ]  Loading XML bean definitions from class path resource [application.xml]
  2015-12-10 23:17:18  [ main:225 ] - [ DEBUG ]  Using JAXP provider [com.sun.org.apache.xerces.internal.jaxp.DocumentBuilderFactoryImpl]
  2015-12-10 23:17:18  [ main:275 ] - [ DEBUG ]  Loading schema mappings from [META-INF/spring.schemas]
  2015-12-10 23:17:18  [ main:280 ] - [ DEBUG ]  Loaded schema mappings: {http://mybatis.org/schema/mybatis-spring-1.2.xsd=org/mybatis/spring/config/mybatis-spring-1.2.xsd, http://www.springframework.org/schema/util/spring-util.xsd=org/springframework/beans/factory/xml/spring-util-3.2.xsd, http://www.springframework.org/schema/jee/spring-jee-3.2.xsd=org/springframework/ejb/config/spring-jee-3.2.xsd, http://www.springframework.org/schema/mvc/spring-mvc-3.1.xsd=org/springframework/web/servlet/config/spring-mvc-3.1.xsd, http://www.springframework.org/schema/task/spring-task.xsd=org/springframework/scheduling/config/spring-task-3.2.xsd, http://www.springframework.org/schema/beans/spring-beans-3.1.xsd=org/springframework/beans/factory/xml/spring-beans-3.1.xsd, http://www.springframework.org/schema/cache/spring-cache.xsd=org/springframework/cache/config/spring-cache-3.2.xsd, http://www.springframework.org/schema/aop/spring-aop-3.0.xsd=org/springframework/aop/config/spring-aop-3.0.xsd, http://www.springframework.org/schema/aop/spring-aop-2.0.xsd=org/springframework/aop/config/spring-aop-2.0.xsd, http://www.springframework.org/schema/task/spring-task-3.1.xsd=org/springframework/scheduling/config/spring-task-3.1.xsd, http://www.springframework.org/schema/tool/spring-tool-2.5.xsd=org/springframework/beans/factory/xml/spring-tool-2.5.xsd, http://www.springframework.org/schema/beans/spring-beans.xsd=org/springframework/beans/factory/xml/spring-beans-3.2.xsd, http://www.springframework.org/schema/jee/spring-jee-2.5.xsd=org/springframework/ejb/config/spring-jee-2.5.xsd, http://www.springframework.org/schema/jdbc/spring-jdbc-3.1.xsd=org/springframework/jdbc/config/spring-jdbc-3.1.xsd, http://www.springframework.org/schema/tool/spring-tool-3.1.xsd=org/springframework/beans/factory/xml/spring-tool-3.1.xsd, http://www.springframework.org/schema/aop/spring-aop.xsd=org/springframework/aop/config/spring-aop-3.2.xsd, http://www.springframework.org/schema/jee/spring-jee-3.1.xsd=org/springframework/ejb/config/spring-jee-3.1.xsd, http://www.springframework.org/schema/tx/spring-tx-3.2.xsd=org/springframework/transaction/config/spring-tx-3.2.xsd, http://www.springframework.org/schema/context/spring-context-3.2.xsd=org/springframework/context/config/spring-context-3.2.xsd, http://www.springframework.org/schema/beans/spring-beans-2.0.xsd=org/springframework/beans/factory/xml/spring-beans-2.0.xsd, http://www.springframework.org/schema/util/spring-util-3.2.xsd=org/springframework/beans/factory/xml/spring-util-3.2.xsd, http://www.springframework.org/schema/lang/spring-lang-3.2.xsd=org/springframework/scripting/config/spring-lang-3.2.xsd, http://www.springframework.org/schema/mvc/spring-mvc-3.0.xsd=org/springframework/web/servlet/config/spring-mvc-3.0.xsd, http://www.springframework.org/schema/beans/spring-beans-3.0.xsd=org/springframework/beans/factory/xml/spring-beans-3.0.xsd, http://www.springframework.org/schema/cache/spring-cache-3.2.xsd=org/springframework/cache/config/spring-cache-3.2.xsd, http://www.springframework.org/schema/task/spring-task-3.0.xsd=org/springframework/scheduling/config/spring-task-3.0.xsd, http://mybatis.org/schema/mybatis-spring.xsd=org/mybatis/spring/config/mybatis-spring-1.2.xsd, http://www.springframework.org/schema/tx/spring-tx-2.5.xsd=org/springframework/transaction/config/spring-tx-2.5.xsd, http://www.springframework.org/schema/context/spring-context-2.5.xsd=org/springframework/context/config/spring-context-2.5.xsd, http://www.springframework.org/schema/jdbc/spring-jdbc-3.0.xsd=org/springframework/jdbc/config/spring-jdbc-3.0.xsd, http://www.springframework.org/schema/tool/spring-tool-3.0.xsd=org/springframework/beans/factory/xml/spring-tool-3.0.xsd, http://www.springframework.org/schema/tx/spring-tx.xsd=org/springframework/transaction/config/spring-tx-3.2.xsd, http://www.springframework.org/schema/lang/spring-lang.xsd=org/springframework/scripting/config/spring-lang-3.2.xsd, http://www.springframework.org/schema/tool/spring-tool-2.0.xsd=org/springframework/beans/factory/xml/spring-tool-2.0.xsd, http://www.springframework.org/schema/util/spring-util-2.5.xsd=org/springframework/beans/factory/xml/spring-util-2.5.xsd, http://www.springframework.org/schema/lang/spring-lang-2.5.xsd=org/springframework/scripting/config/spring-lang-2.5.xsd, http://www.springframework.org/schema/aop/spring-aop-3.2.xsd=org/springframework/aop/config/spring-aop-3.2.xsd, http://www.springframework.org/schema/jee/spring-jee-3.0.xsd=org/springframework/ejb/config/spring-jee-3.0.xsd, http://www.springframework.org/schema/tx/spring-tx-3.1.xsd=org/springframework/transaction/config/spring-tx-3.1.xsd, http://www.springframework.org/schema/jee/spring-jee-2.0.xsd=org/springframework/ejb/config/spring-jee-2.0.xsd, http://www.springframework.org/schema/context/spring-context-3.1.xsd=org/springframework/context/config/spring-context-3.1.xsd, http://www.springframework.org/schema/util/spring-util-3.1.xsd=org/springframework/beans/factory/xml/spring-util-3.1.xsd, http://www.springframework.org/schema/lang/spring-lang-3.1.xsd=org/springframework/scripting/config/spring-lang-3.1.xsd, http://www.springframework.org/schema/cache/spring-cache-3.1.xsd=org/springframework/cache/config/spring-cache-3.1.xsd, http://www.springframework.org/schema/context/spring-context.xsd=org/springframework/context/config/spring-context-3.2.xsd, http://www.springframework.org/schema/jee/spring-jee.xsd=org/springframework/ejb/config/spring-jee-3.2.xsd, http://www.springframework.org/schema/aop/spring-aop-2.5.xsd=org/springframework/aop/config/spring-aop-2.5.xsd, http://www.springframework.org/schema/mvc/spring-mvc.xsd=org/springframework/web/servlet/config/spring-mvc-3.2.xsd, http://www.springframework.org/schema/jdbc/spring-jdbc.xsd=org/springframework/jdbc/config/spring-jdbc-3.2.xsd, http://www.springframework.org/schema/mvc/spring-mvc-3.2.xsd=org/springframework/web/servlet/config/spring-mvc-3.2.xsd, http://www.springframework.org/schema/beans/spring-beans-3.2.xsd=org/springframework/beans/factory/xml/spring-beans-3.2.xsd, http://www.springframework.org/schema/tx/spring-tx-2.0.xsd=org/springframework/transaction/config/spring-tx-2.0.xsd, http://www.springframework.org/schema/aop/spring-aop-3.1.xsd=org/springframework/aop/config/spring-aop-3.1.xsd, http://www.springframework.org/schema/task/spring-task-3.2.xsd=org/springframework/scheduling/config/spring-task-3.2.xsd, http://www.springframework.org/schema/tx/spring-tx-3.0.xsd=org/springframework/transaction/config/spring-tx-3.0.xsd, http://www.springframework.org/schema/context/spring-context-3.0.xsd=org/springframework/context/config/spring-context-3.0.xsd, http://www.springframework.org/schema/tool/spring-tool.xsd=org/springframework/beans/factory/xml/spring-tool-3.2.xsd, http://www.springframework.org/schema/util/spring-util-3.0.xsd=org/springframework/beans/factory/xml/spring-util-3.0.xsd, http://www.springframework.org/schema/lang/spring-lang-3.0.xsd=org/springframework/scripting/config/spring-lang-3.0.xsd, http://www.springframework.org/schema/util/spring-util-2.0.xsd=org/springframework/beans/factory/xml/spring-util-2.0.xsd, http://www.springframework.org/schema/lang/spring-lang-2.0.xsd=org/springframework/scripting/config/spring-lang-2.0.xsd, http://www.springframework.org/schema/jdbc/spring-jdbc-3.2.xsd=org/springframework/jdbc/config/spring-jdbc-3.2.xsd, http://www.springframework.org/schema/tool/spring-tool-3.2.xsd=org/springframework/beans/factory/xml/spring-tool-3.2.xsd, http://www.springframework.org/schema/beans/spring-beans-2.5.xsd=org/springframework/beans/factory/xml/spring-beans-2.5.xsd}
  2015-12-10 23:17:18  [ main:281 ] - [ DEBUG ]  Found XML schema [http://www.springframework.org/schema/beans/spring-beans-3.0.xsd] in classpath: org/springframework/beans/factory/xml/spring-beans-3.0.xsd
  2015-12-10 23:17:18  [ main:340 ] - [ DEBUG ]  Found XML schema [http://www.springframework.org/schema/context/spring-context-3.0.xsd] in classpath: org/springframework/context/config/spring-context-3.0.xsd
  2015-12-10 23:17:18  [ main:358 ] - [ DEBUG ]  Found XML schema [http://www.springframework.org/schema/tool/spring-tool-3.0.xsd] in classpath: org/springframework/beans/factory/xml/spring-tool-3.0.xsd
  2015-12-10 23:17:18  [ main:376 ] - [ DEBUG ]  Loading bean definitions
  2015-12-10 23:17:18  [ main:400 ] - [ DEBUG ]  Neither XML 'id' nor 'name' specified - using generated bean name [org.mybatis.spring.mapper.MapperScannerConfigurer#0]
  2015-12-10 23:17:18  [ main:404 ] - [ DEBUG ]  Loaded NamespaceHandler mappings: {http://www.springframework.org/schema/p=org.springframework.beans.factory.xml.SimplePropertyNamespaceHandler, http://www.springframework.org/schema/mvc=org.springframework.web.servlet.config.MvcNamespaceHandler, http://www.springframework.org/schema/util=org.springframework.beans.factory.xml.UtilNamespaceHandler, http://www.springframework.org/schema/jee=org.springframework.ejb.config.JeeNamespaceHandler, http://www.springframework.org/schema/aop=org.springframework.aop.config.AopNamespaceHandler, http://www.springframework.org/schema/jdbc=org.springframework.jdbc.config.JdbcNamespaceHandler, http://www.springframework.org/schema/cache=org.springframework.cache.config.CacheNamespaceHandler, http://mybatis.org/schema/mybatis-spring=org.mybatis.spring.config.NamespaceHandler, http://www.springframework.org/schema/c=org.springframework.beans.factory.xml.SimpleConstructorNamespaceHandler, http://www.springframework.org/schema/tx=org.springframework.transaction.config.TxNamespaceHandler, http://www.springframework.org/schema/task=org.springframework.scheduling.config.TaskNamespaceHandler, http://www.springframework.org/schema/lang=org.springframework.scripting.config.LangNamespaceHandler, http://www.springframework.org/schema/context=org.springframework.context.config.ContextNamespaceHandler}
  2015-12-10 23:17:18  [ main:447 ] - [ DEBUG ]  Looking for matching resources in directory tree [/Users/edward/Documents/workspace/rehia_ssh_ext/target/test-classes/com/nox/rehia/services]
  2015-12-10 23:17:18  [ main:450 ] - [ DEBUG ]  Searching directory [/Users/edward/Documents/workspace/rehia_ssh_ext/target/test-classes/com/nox/rehia/services] for files matching pattern [/Users/edward/Documents/workspace/rehia_ssh_ext/target/test-classes/com/nox/rehia/services/**/*.class]
  2015-12-10 23:17:18  [ main:454 ] - [ DEBUG ]  Looking for matching resources in directory tree [/Users/edward/Documents/workspace/rehia_ssh_ext/target/classes/com/nox/rehia/services]
  2015-12-10 23:17:18  [ main:456 ] - [ DEBUG ]  Searching directory [/Users/edward/Documents/workspace/rehia_ssh_ext/target/classes/com/nox/rehia/services] for files matching pattern [/Users/edward/Documents/workspace/rehia_ssh_ext/target/classes/com/nox/rehia/services/**/*.class]
  2015-12-10 23:17:18  [ main:457 ] - [ DEBUG ]  Resolved location pattern [classpath*:com/nox/rehia/services/**/*.class] to resources [file [/Users/edward/Documents/workspace/rehia_ssh_ext/target/test-classes/com/nox/rehia/services/UserServiceTest.class], file [/Users/edward/Documents/workspace/rehia_ssh_ext/target/classes/com/nox/rehia/services/UserServiceImpl.class], file [/Users/edward/Documents/workspace/rehia_ssh_ext/target/classes/com/nox/rehia/services/UserServices.class]]
  2015-12-10 23:17:18  [ main:503 ] - [ DEBUG ]  Identified candidate component class: file [/Users/edward/Documents/workspace/rehia_ssh_ext/target/classes/com/nox/rehia/services/UserServiceImpl.class]
  2015-12-10 23:17:18  [ main:540 ] - [ DEBUG ]  Loaded 9 bean definitions from location pattern [classpath:application.xml]
  2015-12-10 23:17:18  [ main:552 ] - [ INFO ]  Refreshing org.springframework.context.support.GenericApplicationContext@19dfb72a: startup date [Thu Dec 10 23:17:18 CST 2015]; root of context hierarchy
  2015-12-10 23:17:18  [ main:555 ] - [ DEBUG ]  Bean factory for org.springframework.context.support.GenericApplicationContext@19dfb72a: org.springframework.beans.factory.support.DefaultListableBeanFactory@192d3247: defining beans [propertyConfigurer,dataSource,org.mybatis.spring.mapper.MapperScannerConfigurer#0,sqlSessionFactory,userServiceImpl,org.springframework.context.annotation.internalConfigurationAnnotationProcessor,org.springframework.context.annotation.internalAutowiredAnnotationProcessor,org.springframework.context.annotation.internalRequiredAnnotationProcessor,org.springframework.context.annotation.internalCommonAnnotationProcessor]; root of factory hierarchy
  2015-12-10 23:17:18  [ main:580 ] - [ DEBUG ]  Creating shared instance of singleton bean 'org.mybatis.spring.mapper.MapperScannerConfigurer#0'
  2015-12-10 23:17:18  [ main:581 ] - [ DEBUG ]  Creating instance of bean 'org.mybatis.spring.mapper.MapperScannerConfigurer#0'
  2015-12-10 23:17:18  [ main:599 ] - [ DEBUG ]  Eagerly caching bean 'org.mybatis.spring.mapper.MapperScannerConfigurer#0' to allow for resolving potential circular references
  2015-12-10 23:17:19  [ main:650 ] - [ DEBUG ]  Invoking afterPropertiesSet() on bean with name 'org.mybatis.spring.mapper.MapperScannerConfigurer#0'
  2015-12-10 23:17:19  [ main:652 ] - [ DEBUG ]  Finished creating instance of bean 'org.mybatis.spring.mapper.MapperScannerConfigurer#0'
  2015-12-10 23:17:19  [ main:652 ] - [ DEBUG ]  Creating shared instance of singleton bean 'org.springframework.context.annotation.internalConfigurationAnnotationProcessor'
  2015-12-10 23:17:19  [ main:652 ] - [ DEBUG ]  Creating instance of bean 'org.springframework.context.annotation.internalConfigurationAnnotationProcessor'
  2015-12-10 23:17:19  [ main:654 ] - [ DEBUG ]  Eagerly caching bean 'org.springframework.context.annotation.internalConfigurationAnnotationProcessor' to allow for resolving potential circular references
  2015-12-10 23:17:19  [ main:654 ] - [ DEBUG ]  Finished creating instance of bean 'org.springframework.context.annotation.internalConfigurationAnnotationProcessor'
  2015-12-10 23:17:19  [ main:684 ] - [ DEBUG ]  Adding [systemProperties] PropertySource with lowest search precedence
  2015-12-10 23:17:19  [ main:685 ] - [ DEBUG ]  Adding [systemEnvironment] PropertySource with lowest search precedence
  2015-12-10 23:17:19  [ main:686 ] - [ DEBUG ]  Initialized StandardEnvironment with PropertySources [systemProperties,systemEnvironment]
  2015-12-10 23:17:19  [ main:691 ] - [ DEBUG ]  Looking for matching resources in directory tree [/Users/edward/Documents/workspace/rehia_ssh_ext/target/classes/com/nox/rehia/dao]
  2015-12-10 23:17:19  [ main:698 ] - [ DEBUG ]  Searching directory [/Users/edward/Documents/workspace/rehia_ssh_ext/target/classes/com/nox/rehia/dao] for files matching pattern [/Users/edward/Documents/workspace/rehia_ssh_ext/target/classes/com/nox/rehia/dao/**/*.class]
  2015-12-10 23:17:19  [ main:700 ] - [ DEBUG ]  Resolved location pattern [classpath*:com/nox/rehia/dao/**/*.class] to resources [file [/Users/edward/Documents/workspace/rehia_ssh_ext/target/classes/com/nox/rehia/dao/UserDao.class]]
  2015-12-10 23:17:19  [ main:700 ] - [ DEBUG ]  Identified candidate component class: file [/Users/edward/Documents/workspace/rehia_ssh_ext/target/classes/com/nox/rehia/dao/UserDao.class]
  2015-12-10 23:17:19  [ main:702 ] - [ DEBUG ]  Creating MapperFactoryBean with name 'userDao' and 'com.nox.rehia.dao.UserDao' mapperInterface
  2015-12-10 23:17:19  [ main:705 ] - [ DEBUG ]  Enabling autowire by type for MapperFactoryBean with name 'userDao'.
  2015-12-10 23:17:19  [ main:707 ] - [ DEBUG ]  Creating shared instance of singleton bean 'propertyConfigurer'
  2015-12-10 23:17:19  [ main:708 ] - [ DEBUG ]  Creating instance of bean 'propertyConfigurer'
  2015-12-10 23:17:19  [ main:711 ] - [ DEBUG ]  Eagerly caching bean 'propertyConfigurer' to allow for resolving potential circular references
  2015-12-10 23:17:19  [ main:723 ] - [ DEBUG ]  Looking for matching resources in directory tree [/Users/edward/Documents/workspace/rehia_ssh_ext/target/classes/properties]
  2015-12-10 23:17:19  [ main:723 ] - [ DEBUG ]  Searching directory [/Users/edward/Documents/workspace/rehia_ssh_ext/target/classes/properties] for files matching pattern [/Users/edward/Documents/workspace/rehia_ssh_ext/target/classes/properties/*.properties]
  2015-12-10 23:17:19  [ main:723 ] - [ DEBUG ]  Resolved location pattern [classpath:properties/*.properties] to resources [file [/Users/edward/Documents/workspace/rehia_ssh_ext/target/classes/properties/jdbc.properties]]
  2015-12-10 23:17:19  [ main:724 ] - [ DEBUG ]  Finished creating instance of bean 'propertyConfigurer'
  2015-12-10 23:17:19  [ main:724 ] - [ INFO ]  Loading properties file from file [/Users/edward/Documents/workspace/rehia_ssh_ext/target/classes/properties/jdbc.properties]
  2015-12-10 23:17:19  [ main:729 ] - [ DEBUG ]  Creating shared instance of singleton bean 'org.springframework.context.annotation.internalAutowiredAnnotationProcessor'
  2015-12-10 23:17:19  [ main:729 ] - [ DEBUG ]  Creating instance of bean 'org.springframework.context.annotation.internalAutowiredAnnotationProcessor'
  2015-12-10 23:17:19  [ main:730 ] - [ DEBUG ]  Eagerly caching bean 'org.springframework.context.annotation.internalAutowiredAnnotationProcessor' to allow for resolving potential circular references
  2015-12-10 23:17:19  [ main:730 ] - [ DEBUG ]  Finished creating instance of bean 'org.springframework.context.annotation.internalAutowiredAnnotationProcessor'
  2015-12-10 23:17:19  [ main:730 ] - [ DEBUG ]  Creating shared instance of singleton bean 'org.springframework.context.annotation.internalRequiredAnnotationProcessor'
  2015-12-10 23:17:19  [ main:730 ] - [ DEBUG ]  Creating instance of bean 'org.springframework.context.annotation.internalRequiredAnnotationProcessor'
  2015-12-10 23:17:19  [ main:731 ] - [ DEBUG ]  Eagerly caching bean 'org.springframework.context.annotation.internalRequiredAnnotationProcessor' to allow for resolving potential circular references
  2015-12-10 23:17:19  [ main:731 ] - [ DEBUG ]  Finished creating instance of bean 'org.springframework.context.annotation.internalRequiredAnnotationProcessor'
  2015-12-10 23:17:19  [ main:731 ] - [ DEBUG ]  Creating shared instance of singleton bean 'org.springframework.context.annotation.internalCommonAnnotationProcessor'
  2015-12-10 23:17:19  [ main:731 ] - [ DEBUG ]  Creating instance of bean 'org.springframework.context.annotation.internalCommonAnnotationProcessor'
  2015-12-10 23:17:19  [ main:735 ] - [ DEBUG ]  Eagerly caching bean 'org.springframework.context.annotation.internalCommonAnnotationProcessor' to allow for resolving potential circular references
  2015-12-10 23:17:19  [ main:735 ] - [ DEBUG ]  Finished creating instance of bean 'org.springframework.context.annotation.internalCommonAnnotationProcessor'
  2015-12-10 23:17:19  [ main:735 ] - [ DEBUG ]  Creating shared instance of singleton bean 'org.springframework.context.annotation.ConfigurationClassPostProcessor.importAwareProcessor'
  2015-12-10 23:17:19  [ main:735 ] - [ DEBUG ]  Creating instance of bean 'org.springframework.context.annotation.ConfigurationClassPostProcessor.importAwareProcessor'
  2015-12-10 23:17:19  [ main:735 ] - [ DEBUG ]  Eagerly caching bean 'org.springframework.context.annotation.ConfigurationClassPostProcessor.importAwareProcessor' to allow for resolving potential circular references
  2015-12-10 23:17:19  [ main:736 ] - [ DEBUG ]  Finished creating instance of bean 'org.springframework.context.annotation.ConfigurationClassPostProcessor.importAwareProcessor'
  2015-12-10 23:17:19  [ main:738 ] - [ DEBUG ]  Unable to locate MessageSource with name 'messageSource': using default [org.springframework.context.support.DelegatingMessageSource@55ca8de8]
  2015-12-10 23:17:19  [ main:740 ] - [ DEBUG ]  Unable to locate ApplicationEventMulticaster with name 'applicationEventMulticaster': using default [org.springframework.context.event.SimpleApplicationEventMulticaster@2aece37d]
  2015-12-10 23:17:19  [ main:744 ] - [ INFO ]  Pre-instantiating singletons in org.springframework.beans.factory.support.DefaultListableBeanFactory@192d3247: defining beans [propertyConfigurer,dataSource,org.mybatis.spring.mapper.MapperScannerConfigurer#0,sqlSessionFactory,userServiceImpl,org.springframework.context.annotation.internalConfigurationAnnotationProcessor,org.springframework.context.annotation.internalAutowiredAnnotationProcessor,org.springframework.context.annotation.internalRequiredAnnotationProcessor,org.springframework.context.annotation.internalCommonAnnotationProcessor,org.springframework.context.annotation.ConfigurationClassPostProcessor.importAwareProcessor,userDao]; root of factory hierarchy
  2015-12-10 23:17:19  [ main:744 ] - [ DEBUG ]  Returning cached instance of singleton bean 'propertyConfigurer'
  2015-12-10 23:17:19  [ main:745 ] - [ DEBUG ]  Creating shared instance of singleton bean 'dataSource'
  2015-12-10 23:17:19  [ main:745 ] - [ DEBUG ]  Creating instance of bean 'dataSource'
  2015-12-10 23:17:19  [ main:749 ] - [ DEBUG ]  Eagerly caching bean 'dataSource' to allow for resolving potential circular references
  2015-12-10 23:17:19  [ main:763 ] - [ INFO ]  Loaded JDBC driver: com.mysql.jdbc.Driver
  2015-12-10 23:17:19  [ main:764 ] - [ DEBUG ]  Finished creating instance of bean 'dataSource'
  2015-12-10 23:17:19  [ main:764 ] - [ DEBUG ]  Returning cached instance of singleton bean 'org.mybatis.spring.mapper.MapperScannerConfigurer#0'
  2015-12-10 23:17:19  [ main:765 ] - [ DEBUG ]  Creating shared instance of singleton bean 'sqlSessionFactory'
  2015-12-10 23:17:19  [ main:765 ] - [ DEBUG ]  Creating instance of bean 'sqlSessionFactory'
  2015-12-10 23:17:19  [ main:776 ] - [ DEBUG ]  Eagerly caching bean 'sqlSessionFactory' to allow for resolving potential circular references
  2015-12-10 23:17:19  [ main:784 ] - [ DEBUG ]  Returning cached instance of singleton bean 'dataSource'
  2015-12-10 23:17:19  [ main:785 ] - [ DEBUG ]  Looking for matching resources in directory tree [/Users/edward/Documents/workspace/rehia_ssh_ext/target/test-classes/com/nox/rehia]
  2015-12-10 23:17:19  [ main:785 ] - [ DEBUG ]  Searching directory [/Users/edward/Documents/workspace/rehia_ssh_ext/target/test-classes/com/nox/rehia] for files matching pattern [/Users/edward/Documents/workspace/rehia_ssh_ext/target/test-classes/com/nox/rehia/**/*.xml]
  2015-12-10 23:17:19  [ main:786 ] - [ DEBUG ]  Searching directory [/Users/edward/Documents/workspace/rehia_ssh_ext/target/test-classes/com/nox/rehia/services] for files matching pattern [/Users/edward/Documents/workspace/rehia_ssh_ext/target/test-classes/com/nox/rehia/**/*.xml]
  2015-12-10 23:17:19  [ main:786 ] - [ DEBUG ]  Searching directory [/Users/edward/Documents/workspace/rehia_ssh_ext/target/test-classes/com/nox/rehia/test] for files matching pattern [/Users/edward/Documents/workspace/rehia_ssh_ext/target/test-classes/com/nox/rehia/**/*.xml]
  2015-12-10 23:17:19  [ main:787 ] - [ DEBUG ]  Looking for matching resources in directory tree [/Users/edward/Documents/workspace/rehia_ssh_ext/target/classes/com/nox/rehia]
  2015-12-10 23:17:19  [ main:787 ] - [ DEBUG ]  Searching directory [/Users/edward/Documents/workspace/rehia_ssh_ext/target/classes/com/nox/rehia] for files matching pattern [/Users/edward/Documents/workspace/rehia_ssh_ext/target/classes/com/nox/rehia/**/*.xml]
  2015-12-10 23:17:19  [ main:787 ] - [ DEBUG ]  Searching directory [/Users/edward/Documents/workspace/rehia_ssh_ext/target/classes/com/nox/rehia/dao] for files matching pattern [/Users/edward/Documents/workspace/rehia_ssh_ext/target/classes/com/nox/rehia/**/*.xml]
  2015-12-10 23:17:19  [ main:788 ] - [ DEBUG ]  Searching directory [/Users/edward/Documents/workspace/rehia_ssh_ext/target/classes/com/nox/rehia/domain] for files matching pattern [/Users/edward/Documents/workspace/rehia_ssh_ext/target/classes/com/nox/rehia/**/*.xml]
  2015-12-10 23:17:19  [ main:788 ] - [ DEBUG ]  Searching directory [/Users/edward/Documents/workspace/rehia_ssh_ext/target/classes/com/nox/rehia/mapper] for files matching pattern [/Users/edward/Documents/workspace/rehia_ssh_ext/target/classes/com/nox/rehia/**/*.xml]
  2015-12-10 23:17:19  [ main:789 ] - [ DEBUG ]  Searching directory [/Users/edward/Documents/workspace/rehia_ssh_ext/target/classes/com/nox/rehia/services] for files matching pattern [/Users/edward/Documents/workspace/rehia_ssh_ext/target/classes/com/nox/rehia/**/*.xml]
  2015-12-10 23:17:19  [ main:789 ] - [ DEBUG ]  Resolved location pattern [classpath*:com/nox/rehia/**/*.xml] to resources [file [/Users/edward/Documents/workspace/rehia_ssh_ext/target/classes/com/nox/rehia/mapper/UserMapper.xml]]
  2015-12-10 23:17:19  [ main:791 ] - [ DEBUG ]  Invoking afterPropertiesSet() on bean with name 'sqlSessionFactory'
  2015-12-10 23:17:19  [ main:881 ] - [ DEBUG ]  Parsed configuration file: 'class path resource [mybatis/mybatis-config.xml]'
  2015-12-10 23:17:19  [ main:883 ] - [ DEBUG ]  Creating new JDBC DriverManager Connection to [jdbc:mysql://localhost:3306/Rehia]
  2015-12-10 23:17:19  [ main:1264 ] - [ DEBUG ]  Parsed mapper file: 'file [/Users/edward/Documents/workspace/rehia_ssh_ext/target/classes/com/nox/rehia/mapper/UserMapper.xml]'
  2015-12-10 23:17:19  [ main:1264 ] - [ DEBUG ]  Finished creating instance of bean 'sqlSessionFactory'
  2015-12-10 23:17:19  [ main:1265 ] - [ DEBUG ]  Creating shared instance of singleton bean 'userServiceImpl'
  2015-12-10 23:17:19  [ main:1265 ] - [ DEBUG ]  Creating instance of bean 'userServiceImpl'
  2015-12-10 23:17:19  [ main:1267 ] - [ DEBUG ]  Registered injected element on class [com.nox.rehia.services.UserServiceImpl]: AutowiredFieldElement for private com.nox.rehia.dao.UserDao com.nox.rehia.services.UserServiceImpl.userDao
  2015-12-10 23:17:19  [ main:1267 ] - [ DEBUG ]  Eagerly caching bean 'userServiceImpl' to allow for resolving potential circular references
  2015-12-10 23:17:19  [ main:1268 ] - [ DEBUG ]  Processing injected method of bean 'userServiceImpl': AutowiredFieldElement for private com.nox.rehia.dao.UserDao com.nox.rehia.services.UserServiceImpl.userDao
  2015-12-10 23:17:19  [ main:1270 ] - [ DEBUG ]  Creating shared instance of singleton bean 'userDao'
  2015-12-10 23:17:19  [ main:1270 ] - [ DEBUG ]  Creating instance of bean 'userDao'
  2015-12-10 23:17:19  [ main:1271 ] - [ DEBUG ]  Eagerly caching bean 'userDao' to allow for resolving potential circular references
  2015-12-10 23:17:19  [ main:1277 ] - [ DEBUG ]  Returning eagerly cached instance of singleton bean 'userDao' that is not fully initialized yet - a consequence of a circular reference
  2015-12-10 23:17:19  [ main:1277 ] - [ DEBUG ]  Returning cached instance of singleton bean 'sqlSessionFactory'
  2015-12-10 23:17:19  [ main:1277 ] - [ DEBUG ]  Autowiring by type from bean name 'userDao' via property 'sqlSessionFactory' to bean named 'sqlSessionFactory'
  2015-12-10 23:17:19  [ main:1286 ] - [ DEBUG ]  Invoking afterPropertiesSet() on bean with name 'userDao'
  2015-12-10 23:17:19  [ main:1287 ] - [ DEBUG ]  Finished creating instance of bean 'userDao'
  2015-12-10 23:17:19  [ main:1287 ] - [ DEBUG ]  Returning cached instance of singleton bean 'userDao'
  2015-12-10 23:17:19  [ main:1289 ] - [ DEBUG ]  Autowiring by type from bean name 'userServiceImpl' to bean named 'userDao'
  2015-12-10 23:17:19  [ main:1289 ] - [ DEBUG ]  Finished creating instance of bean 'userServiceImpl'
  2015-12-10 23:17:19  [ main:1289 ] - [ DEBUG ]  Returning cached instance of singleton bean 'org.springframework.context.annotation.internalConfigurationAnnotationProcessor'
  2015-12-10 23:17:19  [ main:1289 ] - [ DEBUG ]  Returning cached instance of singleton bean 'org.springframework.context.annotation.internalAutowiredAnnotationProcessor'
  2015-12-10 23:17:19  [ main:1290 ] - [ DEBUG ]  Returning cached instance of singleton bean 'org.springframework.context.annotation.internalRequiredAnnotationProcessor'
  2015-12-10 23:17:19  [ main:1290 ] - [ DEBUG ]  Returning cached instance of singleton bean 'org.springframework.context.annotation.internalCommonAnnotationProcessor'
  2015-12-10 23:17:19  [ main:1290 ] - [ DEBUG ]  Returning cached instance of singleton bean 'org.springframework.context.annotation.ConfigurationClassPostProcessor.importAwareProcessor'
  2015-12-10 23:17:19  [ main:1290 ] - [ DEBUG ]  Returning cached instance of singleton bean 'userDao'
  2015-12-10 23:17:19  [ main:1292 ] - [ DEBUG ]  Unable to locate LifecycleProcessor with name 'lifecycleProcessor': using default [org.springframework.context.support.DefaultLifecycleProcessor@62ddbd7e]
  2015-12-10 23:17:19  [ main:1292 ] - [ DEBUG ]  Returning cached instance of singleton bean 'lifecycleProcessor'
  2015-12-10 23:17:19  [ main:1295 ] - [ DEBUG ]  Returning cached instance of singleton bean 'sqlSessionFactory'
  2015-12-10 23:17:19  [ main:1296 ] - [ DEBUG ]  Searching for key 'spring.liveBeansView.mbeanDomain' in [systemProperties]
  2015-12-10 23:17:19  [ main:1296 ] - [ DEBUG ]  Searching for key 'spring.liveBeansView.mbeanDomain' in [systemEnvironment]
  2015-12-10 23:17:19  [ main:1297 ] - [ DEBUG ]  Could not find key 'spring.liveBeansView.mbeanDomain' in any property source. Returning [null]
  2015-12-10 23:17:19  [ main:1298 ] - [ DEBUG ]  Storing ApplicationContext in cache under key [[MergedContextConfiguration@4563e9ab testClass = UserServiceTest, locations = '{classpath:application.xml}', classes = '{}', contextInitializerClasses = '[]', activeProfiles = '{}', contextLoader = 'org.springframework.test.context.support.DelegatingSmartContextLoader', parent = [null]]].
  2015-12-10 23:17:19  [ main:1301 ] - [ DEBUG ]  Processing injected method of bean 'com.nox.rehia.services.UserServiceTest': AutowiredFieldElement for private com.nox.rehia.services.UserServices com.nox.rehia.services.UserServiceTest.userService
  2015-12-10 23:17:19  [ main:1301 ] - [ DEBUG ]  Returning cached instance of singleton bean 'userServiceImpl'
  2015-12-10 23:17:19  [ main:1301 ] - [ DEBUG ]  Autowiring by type from bean name 'com.nox.rehia.services.UserServiceTest' to bean named 'userServiceImpl'
  2015-12-10 23:17:19  [ main:1309 ] - [ DEBUG ]  Creating a new SqlSession
  2015-12-10 23:17:19  [ main:1314 ] - [ DEBUG ]  SqlSession [org.apache.ibatis.session.defaults.DefaultSqlSession@6913c1fb] was not registered for synchronization because synchronization is not active
  2015-12-10 23:17:19  [ main:1360 ] - [ DEBUG ]  Fetching JDBC Connection from DataSource
  2015-12-10 23:17:19  [ main:1360 ] - [ DEBUG ]  Creating new JDBC DriverManager Connection to [jdbc:mysql://localhost:3306/Rehia]
  2015-12-10 23:17:19  [ main:1367 ] - [ DEBUG ]  JDBC Connection [com.mysql.jdbc.JDBC4Connection@ba54932] will not be managed by Spring
  2015-12-10 23:17:19  [ main:1368 ] - [ DEBUG ]  ooo Using Connection [com.mysql.jdbc.JDBC4Connection@ba54932]
  2015-12-10 23:17:19  [ main:1376 ] - [ DEBUG ]  ==>  Preparing: SELECT * FROM Rehia.RAUSER WHERE USER_ID = ? 
  2015-12-10 23:17:19  [ main:1437 ] - [ DEBUG ]  ==> Parameters: 10(Integer)
  2015-12-10 23:17:19  [ main:1470 ] - [ DEBUG ]  Closing non transactional SqlSession [org.apache.ibatis.session.defaults.DefaultSqlSession@6913c1fb]
  2015-12-10 23:17:19  [ main:1470 ] - [ DEBUG ]  Returning JDBC Connection to DataSource
  2015-12-10 23:17:19  [ main:1471 ] - [ DEBUG ]  查找结果User [userId=10, userName=apple, userPassword=uih6, userEmail=ff@qq.com]
  2015-12-10 23:17:19  [ main:1472 ] - [ DEBUG ]  After test method: context [[TestContext@71c7db30 testClass = UserServiceTest, testInstance = com.nox.rehia.services.UserServiceTest@19bb089b, testMethod = selectUserByIdTest@UserServiceTest, testException = [null], mergedContextConfiguration = [MergedContextConfiguration@4563e9ab testClass = UserServiceTest, locations = '{classpath:application.xml}', classes = '{}', contextInitializerClasses = '[]', activeProfiles = '{}', contextLoader = 'org.springframework.test.context.support.DelegatingSmartContextLoader', parent = [null]]]], class dirties context [false], class mode [null], method dirties context [false].
  2015-12-10 23:17:19  [ main:1473 ] - [ DEBUG ]  After test class: context [[TestContext@71c7db30 testClass = UserServiceTest, testInstance = [null], testMethod = [null], testException = [null], mergedContextConfiguration = [MergedContextConfiguration@4563e9ab testClass = UserServiceTest, locations = '{classpath:application.xml}', classes = '{}', contextInitializerClasses = '[]', activeProfiles = '{}', contextLoader = 'org.springframework.test.context.support.DelegatingSmartContextLoader', parent = [null]]]], dirtiesContext [false].
  2015-12-10 23:17:19  [ Thread-0:1477 ] - [ INFO ]  Closing org.springframework.context.support.GenericApplicationContext@19dfb72a: startup date [Thu Dec 10 23:17:18 CST 2015]; root of context hierarchy
  2015-12-10 23:17:19  [ Thread-0:1478 ] - [ DEBUG ]  Returning cached instance of singleton bean 'sqlSessionFactory'
  2015-12-10 23:17:19  [ Thread-0:1478 ] - [ DEBUG ]  Returning cached instance of singleton bean 'lifecycleProcessor'
  2015-12-10 23:17:19  [ Thread-0:1478 ] - [ INFO ]  Destroying singletons in org.springframework.beans.factory.support.DefaultListableBeanFactory@192d3247: defining beans [propertyConfigurer,dataSource,org.mybatis.spring.mapper.MapperScannerConfigurer#0,sqlSessionFactory,userServiceImpl,org.springframework.context.annotation.internalConfigurationAnnotationProcessor,org.springframework.context.annotation.internalAutowiredAnnotationProcessor,org.springframework.context.annotation.internalRequiredAnnotationProcessor,org.springframework.context.annotation.internalCommonAnnotationProcessor,org.springframework.context.annotation.ConfigurationClassPostProcessor.importAwareProcessor,userDao]; root of factory hierarchy
  2015-12-10 23:17:19  [ Thread-0:1479 ] - [ DEBUG ]  Retrieved dependent beans for bean 'userServiceImpl': [com.nox.rehia.services.UserServiceTest]
  2015-12-10 23:17:33  [ main:0 ] - [ DEBUG ]  SpringJUnit4ClassRunner constructor called with [class com.nox.rehia.services.UserServiceTest].
  2015-12-10 23:17:33  [ main:43 ] - [ DEBUG ]  Delegating to GenericXmlContextLoader to process context configuration [ContextConfigurationAttributes@47d384ee declaringClass = 'com.nox.rehia.test.SpringTestCase', locations = '{classpath:application.xml}', classes = '{}', inheritLocations = true, initializers = '{}', inheritInitializers = true, name = [null], contextLoaderClass = 'org.springframework.test.context.ContextLoader'].
  2015-12-10 23:17:33  [ main:46 ] - [ DEBUG ]  Could not find an 'annotation declaring class' for annotation type [org.springframework.test.context.ActiveProfiles] and class [com.nox.rehia.services.UserServiceTest]
  2015-12-10 23:17:33  [ main:48 ] - [ INFO ]  Could not instantiate TestExecutionListener class [org.springframework.test.context.web.ServletTestExecutionListener]. Specify custom listener classes or make the default listener classes (and their dependencies) available.
  2015-12-10 23:17:33  [ main:52 ] - [ DEBUG ]  Retrieved @ProfileValueSourceConfiguration [null] for test class [com.nox.rehia.services.UserServiceTest]
  2015-12-10 23:17:33  [ main:52 ] - [ DEBUG ]  Retrieved ProfileValueSource type [class org.springframework.test.annotation.SystemProfileValueSource] for class [com.nox.rehia.services.UserServiceTest]
  2015-12-10 23:17:33  [ main:59 ] - [ DEBUG ]  Retrieved @ProfileValueSourceConfiguration [null] for test class [com.nox.rehia.services.UserServiceTest]
  2015-12-10 23:17:33  [ main:59 ] - [ DEBUG ]  Retrieved ProfileValueSource type [class org.springframework.test.annotation.SystemProfileValueSource] for class [com.nox.rehia.services.UserServiceTest]
  2015-12-10 23:17:33  [ main:61 ] - [ DEBUG ]  Retrieved @ProfileValueSourceConfiguration [null] for test class [com.nox.rehia.services.UserServiceTest]
  2015-12-10 23:17:33  [ main:61 ] - [ DEBUG ]  Retrieved ProfileValueSource type [class org.springframework.test.annotation.SystemProfileValueSource] for class [com.nox.rehia.services.UserServiceTest]
  2015-12-10 23:17:33  [ main:62 ] - [ DEBUG ]  Retrieved @ProfileValueSourceConfiguration [null] for test class [com.nox.rehia.services.UserServiceTest]
  2015-12-10 23:17:33  [ main:62 ] - [ DEBUG ]  Retrieved ProfileValueSource type [class org.springframework.test.annotation.SystemProfileValueSource] for class [com.nox.rehia.services.UserServiceTest]
  2015-12-10 23:17:33  [ main:64 ] - [ DEBUG ]  Retrieved @ProfileValueSourceConfiguration [null] for test class [com.nox.rehia.services.UserServiceTest]
  2015-12-10 23:17:33  [ main:65 ] - [ DEBUG ]  Retrieved ProfileValueSource type [class org.springframework.test.annotation.SystemProfileValueSource] for class [com.nox.rehia.services.UserServiceTest]
  2015-12-10 23:17:33  [ main:77 ] - [ DEBUG ]  Performing dependency injection for test context [[TestContext@71c7db30 testClass = UserServiceTest, testInstance = com.nox.rehia.services.UserServiceTest@19bb089b, testMethod = [null], testException = [null], mergedContextConfiguration = [MergedContextConfiguration@4563e9ab testClass = UserServiceTest, locations = '{classpath:application.xml}', classes = '{}', contextInitializerClasses = '[]', activeProfiles = '{}', contextLoader = 'org.springframework.test.context.support.DelegatingSmartContextLoader', parent = [null]]]].
  2015-12-10 23:17:33  [ main:78 ] - [ DEBUG ]  Delegating to GenericXmlContextLoader to load context from [MergedContextConfiguration@4563e9ab testClass = UserServiceTest, locations = '{classpath:application.xml}', classes = '{}', contextInitializerClasses = '[]', activeProfiles = '{}', contextLoader = 'org.springframework.test.context.support.DelegatingSmartContextLoader', parent = [null]].
  2015-12-10 23:17:33  [ main:78 ] - [ DEBUG ]  Loading ApplicationContext for merged context configuration [[MergedContextConfiguration@4563e9ab testClass = UserServiceTest, locations = '{classpath:application.xml}', classes = '{}', contextInitializerClasses = '[]', activeProfiles = '{}', contextLoader = 'org.springframework.test.context.support.DelegatingSmartContextLoader', parent = [null]]].
  2015-12-10 23:17:34  [ main:181 ] - [ DEBUG ]  Adding [systemProperties] PropertySource with lowest search precedence
  2015-12-10 23:17:34  [ main:185 ] - [ DEBUG ]  Adding [systemEnvironment] PropertySource with lowest search precedence
  2015-12-10 23:17:34  [ main:186 ] - [ DEBUG ]  Initialized StandardEnvironment with PropertySources [systemProperties,systemEnvironment]
  2015-12-10 23:17:34  [ main:197 ] - [ INFO ]  Loading XML bean definitions from class path resource [application.xml]
  2015-12-10 23:17:34  [ main:219 ] - [ DEBUG ]  Using JAXP provider [com.sun.org.apache.xerces.internal.jaxp.DocumentBuilderFactoryImpl]
  2015-12-10 23:17:34  [ main:266 ] - [ DEBUG ]  Loading schema mappings from [META-INF/spring.schemas]
  2015-12-10 23:17:34  [ main:271 ] - [ DEBUG ]  Loaded schema mappings: {http://mybatis.org/schema/mybatis-spring-1.2.xsd=org/mybatis/spring/config/mybatis-spring-1.2.xsd, http://www.springframework.org/schema/util/spring-util.xsd=org/springframework/beans/factory/xml/spring-util-3.2.xsd, http://www.springframework.org/schema/jee/spring-jee-3.2.xsd=org/springframework/ejb/config/spring-jee-3.2.xsd, http://www.springframework.org/schema/mvc/spring-mvc-3.1.xsd=org/springframework/web/servlet/config/spring-mvc-3.1.xsd, http://www.springframework.org/schema/task/spring-task.xsd=org/springframework/scheduling/config/spring-task-3.2.xsd, http://www.springframework.org/schema/beans/spring-beans-3.1.xsd=org/springframework/beans/factory/xml/spring-beans-3.1.xsd, http://www.springframework.org/schema/cache/spring-cache.xsd=org/springframework/cache/config/spring-cache-3.2.xsd, http://www.springframework.org/schema/aop/spring-aop-3.0.xsd=org/springframework/aop/config/spring-aop-3.0.xsd, http://www.springframework.org/schema/aop/spring-aop-2.0.xsd=org/springframework/aop/config/spring-aop-2.0.xsd, http://www.springframework.org/schema/task/spring-task-3.1.xsd=org/springframework/scheduling/config/spring-task-3.1.xsd, http://www.springframework.org/schema/tool/spring-tool-2.5.xsd=org/springframework/beans/factory/xml/spring-tool-2.5.xsd, http://www.springframework.org/schema/beans/spring-beans.xsd=org/springframework/beans/factory/xml/spring-beans-3.2.xsd, http://www.springframework.org/schema/jee/spring-jee-2.5.xsd=org/springframework/ejb/config/spring-jee-2.5.xsd, http://www.springframework.org/schema/jdbc/spring-jdbc-3.1.xsd=org/springframework/jdbc/config/spring-jdbc-3.1.xsd, http://www.springframework.org/schema/tool/spring-tool-3.1.xsd=org/springframework/beans/factory/xml/spring-tool-3.1.xsd, http://www.springframework.org/schema/aop/spring-aop.xsd=org/springframework/aop/config/spring-aop-3.2.xsd, http://www.springframework.org/schema/jee/spring-jee-3.1.xsd=org/springframework/ejb/config/spring-jee-3.1.xsd, http://www.springframework.org/schema/tx/spring-tx-3.2.xsd=org/springframework/transaction/config/spring-tx-3.2.xsd, http://www.springframework.org/schema/context/spring-context-3.2.xsd=org/springframework/context/config/spring-context-3.2.xsd, http://www.springframework.org/schema/beans/spring-beans-2.0.xsd=org/springframework/beans/factory/xml/spring-beans-2.0.xsd, http://www.springframework.org/schema/util/spring-util-3.2.xsd=org/springframework/beans/factory/xml/spring-util-3.2.xsd, http://www.springframework.org/schema/lang/spring-lang-3.2.xsd=org/springframework/scripting/config/spring-lang-3.2.xsd, http://www.springframework.org/schema/mvc/spring-mvc-3.0.xsd=org/springframework/web/servlet/config/spring-mvc-3.0.xsd, http://www.springframework.org/schema/beans/spring-beans-3.0.xsd=org/springframework/beans/factory/xml/spring-beans-3.0.xsd, http://www.springframework.org/schema/cache/spring-cache-3.2.xsd=org/springframework/cache/config/spring-cache-3.2.xsd, http://www.springframework.org/schema/task/spring-task-3.0.xsd=org/springframework/scheduling/config/spring-task-3.0.xsd, http://mybatis.org/schema/mybatis-spring.xsd=org/mybatis/spring/config/mybatis-spring-1.2.xsd, http://www.springframework.org/schema/tx/spring-tx-2.5.xsd=org/springframework/transaction/config/spring-tx-2.5.xsd, http://www.springframework.org/schema/context/spring-context-2.5.xsd=org/springframework/context/config/spring-context-2.5.xsd, http://www.springframework.org/schema/jdbc/spring-jdbc-3.0.xsd=org/springframework/jdbc/config/spring-jdbc-3.0.xsd, http://www.springframework.org/schema/tool/spring-tool-3.0.xsd=org/springframework/beans/factory/xml/spring-tool-3.0.xsd, http://www.springframework.org/schema/tx/spring-tx.xsd=org/springframework/transaction/config/spring-tx-3.2.xsd, http://www.springframework.org/schema/lang/spring-lang.xsd=org/springframework/scripting/config/spring-lang-3.2.xsd, http://www.springframework.org/schema/tool/spring-tool-2.0.xsd=org/springframework/beans/factory/xml/spring-tool-2.0.xsd, http://www.springframework.org/schema/util/spring-util-2.5.xsd=org/springframework/beans/factory/xml/spring-util-2.5.xsd, http://www.springframework.org/schema/lang/spring-lang-2.5.xsd=org/springframework/scripting/config/spring-lang-2.5.xsd, http://www.springframework.org/schema/aop/spring-aop-3.2.xsd=org/springframework/aop/config/spring-aop-3.2.xsd, http://www.springframework.org/schema/jee/spring-jee-3.0.xsd=org/springframework/ejb/config/spring-jee-3.0.xsd, http://www.springframework.org/schema/tx/spring-tx-3.1.xsd=org/springframework/transaction/config/spring-tx-3.1.xsd, http://www.springframework.org/schema/jee/spring-jee-2.0.xsd=org/springframework/ejb/config/spring-jee-2.0.xsd, http://www.springframework.org/schema/context/spring-context-3.1.xsd=org/springframework/context/config/spring-context-3.1.xsd, http://www.springframework.org/schema/util/spring-util-3.1.xsd=org/springframework/beans/factory/xml/spring-util-3.1.xsd, http://www.springframework.org/schema/lang/spring-lang-3.1.xsd=org/springframework/scripting/config/spring-lang-3.1.xsd, http://www.springframework.org/schema/cache/spring-cache-3.1.xsd=org/springframework/cache/config/spring-cache-3.1.xsd, http://www.springframework.org/schema/context/spring-context.xsd=org/springframework/context/config/spring-context-3.2.xsd, http://www.springframework.org/schema/jee/spring-jee.xsd=org/springframework/ejb/config/spring-jee-3.2.xsd, http://www.springframework.org/schema/aop/spring-aop-2.5.xsd=org/springframework/aop/config/spring-aop-2.5.xsd, http://www.springframework.org/schema/mvc/spring-mvc.xsd=org/springframework/web/servlet/config/spring-mvc-3.2.xsd, http://www.springframework.org/schema/jdbc/spring-jdbc.xsd=org/springframework/jdbc/config/spring-jdbc-3.2.xsd, http://www.springframework.org/schema/mvc/spring-mvc-3.2.xsd=org/springframework/web/servlet/config/spring-mvc-3.2.xsd, http://www.springframework.org/schema/beans/spring-beans-3.2.xsd=org/springframework/beans/factory/xml/spring-beans-3.2.xsd, http://www.springframework.org/schema/tx/spring-tx-2.0.xsd=org/springframework/transaction/config/spring-tx-2.0.xsd, http://www.springframework.org/schema/aop/spring-aop-3.1.xsd=org/springframework/aop/config/spring-aop-3.1.xsd, http://www.springframework.org/schema/task/spring-task-3.2.xsd=org/springframework/scheduling/config/spring-task-3.2.xsd, http://www.springframework.org/schema/tx/spring-tx-3.0.xsd=org/springframework/transaction/config/spring-tx-3.0.xsd, http://www.springframework.org/schema/context/spring-context-3.0.xsd=org/springframework/context/config/spring-context-3.0.xsd, http://www.springframework.org/schema/tool/spring-tool.xsd=org/springframework/beans/factory/xml/spring-tool-3.2.xsd, http://www.springframework.org/schema/util/spring-util-3.0.xsd=org/springframework/beans/factory/xml/spring-util-3.0.xsd, http://www.springframework.org/schema/lang/spring-lang-3.0.xsd=org/springframework/scripting/config/spring-lang-3.0.xsd, http://www.springframework.org/schema/util/spring-util-2.0.xsd=org/springframework/beans/factory/xml/spring-util-2.0.xsd, http://www.springframework.org/schema/lang/spring-lang-2.0.xsd=org/springframework/scripting/config/spring-lang-2.0.xsd, http://www.springframework.org/schema/jdbc/spring-jdbc-3.2.xsd=org/springframework/jdbc/config/spring-jdbc-3.2.xsd, http://www.springframework.org/schema/tool/spring-tool-3.2.xsd=org/springframework/beans/factory/xml/spring-tool-3.2.xsd, http://www.springframework.org/schema/beans/spring-beans-2.5.xsd=org/springframework/beans/factory/xml/spring-beans-2.5.xsd}
  2015-12-10 23:17:34  [ main:273 ] - [ DEBUG ]  Found XML schema [http://www.springframework.org/schema/beans/spring-beans-3.0.xsd] in classpath: org/springframework/beans/factory/xml/spring-beans-3.0.xsd
  2015-12-10 23:17:34  [ main:333 ] - [ DEBUG ]  Found XML schema [http://www.springframework.org/schema/context/spring-context-3.0.xsd] in classpath: org/springframework/context/config/spring-context-3.0.xsd
  2015-12-10 23:17:34  [ main:346 ] - [ DEBUG ]  Found XML schema [http://www.springframework.org/schema/tool/spring-tool-3.0.xsd] in classpath: org/springframework/beans/factory/xml/spring-tool-3.0.xsd
  2015-12-10 23:17:34  [ main:361 ] - [ DEBUG ]  Loading bean definitions
  2015-12-10 23:17:34  [ main:386 ] - [ DEBUG ]  Neither XML 'id' nor 'name' specified - using generated bean name [org.mybatis.spring.mapper.MapperScannerConfigurer#0]
  2015-12-10 23:17:34  [ main:389 ] - [ DEBUG ]  Loaded NamespaceHandler mappings: {http://www.springframework.org/schema/p=org.springframework.beans.factory.xml.SimplePropertyNamespaceHandler, http://www.springframework.org/schema/mvc=org.springframework.web.servlet.config.MvcNamespaceHandler, http://www.springframework.org/schema/util=org.springframework.beans.factory.xml.UtilNamespaceHandler, http://www.springframework.org/schema/jee=org.springframework.ejb.config.JeeNamespaceHandler, http://www.springframework.org/schema/aop=org.springframework.aop.config.AopNamespaceHandler, http://www.springframework.org/schema/jdbc=org.springframework.jdbc.config.JdbcNamespaceHandler, http://www.springframework.org/schema/cache=org.springframework.cache.config.CacheNamespaceHandler, http://mybatis.org/schema/mybatis-spring=org.mybatis.spring.config.NamespaceHandler, http://www.springframework.org/schema/c=org.springframework.beans.factory.xml.SimpleConstructorNamespaceHandler, http://www.springframework.org/schema/tx=org.springframework.transaction.config.TxNamespaceHandler, http://www.springframework.org/schema/task=org.springframework.scheduling.config.TaskNamespaceHandler, http://www.springframework.org/schema/lang=org.springframework.scripting.config.LangNamespaceHandler, http://www.springframework.org/schema/context=org.springframework.context.config.ContextNamespaceHandler}
  2015-12-10 23:17:34  [ main:415 ] - [ DEBUG ]  Looking for matching resources in directory tree [/Users/edward/Documents/workspace/rehia_ssh_ext/target/test-classes/com/nox/rehia/services]
  2015-12-10 23:17:34  [ main:416 ] - [ DEBUG ]  Searching directory [/Users/edward/Documents/workspace/rehia_ssh_ext/target/test-classes/com/nox/rehia/services] for files matching pattern [/Users/edward/Documents/workspace/rehia_ssh_ext/target/test-classes/com/nox/rehia/services/**/*.class]
  2015-12-10 23:17:34  [ main:420 ] - [ DEBUG ]  Looking for matching resources in directory tree [/Users/edward/Documents/workspace/rehia_ssh_ext/target/classes/com/nox/rehia/services]
  2015-12-10 23:17:34  [ main:420 ] - [ DEBUG ]  Searching directory [/Users/edward/Documents/workspace/rehia_ssh_ext/target/classes/com/nox/rehia/services] for files matching pattern [/Users/edward/Documents/workspace/rehia_ssh_ext/target/classes/com/nox/rehia/services/**/*.class]
  2015-12-10 23:17:34  [ main:421 ] - [ DEBUG ]  Resolved location pattern [classpath*:com/nox/rehia/services/**/*.class] to resources [file [/Users/edward/Documents/workspace/rehia_ssh_ext/target/test-classes/com/nox/rehia/services/UserServiceTest.class], file [/Users/edward/Documents/workspace/rehia_ssh_ext/target/classes/com/nox/rehia/services/UserServiceImpl.class], file [/Users/edward/Documents/workspace/rehia_ssh_ext/target/classes/com/nox/rehia/services/UserServices.class]]
  2015-12-10 23:17:34  [ main:448 ] - [ DEBUG ]  Identified candidate component class: file [/Users/edward/Documents/workspace/rehia_ssh_ext/target/classes/com/nox/rehia/services/UserServiceImpl.class]
  2015-12-10 23:17:34  [ main:466 ] - [ DEBUG ]  Loaded 9 bean definitions from location pattern [classpath:application.xml]
  2015-12-10 23:17:34  [ main:474 ] - [ INFO ]  Refreshing org.springframework.context.support.GenericApplicationContext@19dfb72a: startup date [Thu Dec 10 23:17:34 CST 2015]; root of context hierarchy
  2015-12-10 23:17:34  [ main:475 ] - [ DEBUG ]  Bean factory for org.springframework.context.support.GenericApplicationContext@19dfb72a: org.springframework.beans.factory.support.DefaultListableBeanFactory@192d3247: defining beans [propertyConfigurer,dataSource,org.mybatis.spring.mapper.MapperScannerConfigurer#0,sqlSessionFactory,userServiceImpl,org.springframework.context.annotation.internalConfigurationAnnotationProcessor,org.springframework.context.annotation.internalAutowiredAnnotationProcessor,org.springframework.context.annotation.internalRequiredAnnotationProcessor,org.springframework.context.annotation.internalCommonAnnotationProcessor]; root of factory hierarchy
  2015-12-10 23:17:34  [ main:504 ] - [ DEBUG ]  Creating shared instance of singleton bean 'org.mybatis.spring.mapper.MapperScannerConfigurer#0'
  2015-12-10 23:17:34  [ main:504 ] - [ DEBUG ]  Creating instance of bean 'org.mybatis.spring.mapper.MapperScannerConfigurer#0'
  2015-12-10 23:17:34  [ main:532 ] - [ DEBUG ]  Eagerly caching bean 'org.mybatis.spring.mapper.MapperScannerConfigurer#0' to allow for resolving potential circular references
  2015-12-10 23:17:34  [ main:584 ] - [ DEBUG ]  Invoking afterPropertiesSet() on bean with name 'org.mybatis.spring.mapper.MapperScannerConfigurer#0'
  2015-12-10 23:17:34  [ main:586 ] - [ DEBUG ]  Finished creating instance of bean 'org.mybatis.spring.mapper.MapperScannerConfigurer#0'
  2015-12-10 23:17:34  [ main:587 ] - [ DEBUG ]  Creating shared instance of singleton bean 'org.springframework.context.annotation.internalConfigurationAnnotationProcessor'
  2015-12-10 23:17:34  [ main:587 ] - [ DEBUG ]  Creating instance of bean 'org.springframework.context.annotation.internalConfigurationAnnotationProcessor'
  2015-12-10 23:17:34  [ main:588 ] - [ DEBUG ]  Eagerly caching bean 'org.springframework.context.annotation.internalConfigurationAnnotationProcessor' to allow for resolving potential circular references
  2015-12-10 23:17:34  [ main:589 ] - [ DEBUG ]  Finished creating instance of bean 'org.springframework.context.annotation.internalConfigurationAnnotationProcessor'
  2015-12-10 23:17:34  [ main:619 ] - [ DEBUG ]  Adding [systemProperties] PropertySource with lowest search precedence
  2015-12-10 23:17:34  [ main:619 ] - [ DEBUG ]  Adding [systemEnvironment] PropertySource with lowest search precedence
  2015-12-10 23:17:34  [ main:620 ] - [ DEBUG ]  Initialized StandardEnvironment with PropertySources [systemProperties,systemEnvironment]
  2015-12-10 23:17:34  [ main:622 ] - [ DEBUG ]  Looking for matching resources in directory tree [/Users/edward/Documents/workspace/rehia_ssh_ext/target/classes/com/nox/rehia/dao]
  2015-12-10 23:17:34  [ main:623 ] - [ DEBUG ]  Searching directory [/Users/edward/Documents/workspace/rehia_ssh_ext/target/classes/com/nox/rehia/dao] for files matching pattern [/Users/edward/Documents/workspace/rehia_ssh_ext/target/classes/com/nox/rehia/dao/**/*.class]
  2015-12-10 23:17:34  [ main:623 ] - [ DEBUG ]  Resolved location pattern [classpath*:com/nox/rehia/dao/**/*.class] to resources [file [/Users/edward/Documents/workspace/rehia_ssh_ext/target/classes/com/nox/rehia/dao/UserDao.class]]
  2015-12-10 23:17:34  [ main:624 ] - [ DEBUG ]  Identified candidate component class: file [/Users/edward/Documents/workspace/rehia_ssh_ext/target/classes/com/nox/rehia/dao/UserDao.class]
  2015-12-10 23:17:34  [ main:625 ] - [ DEBUG ]  Creating MapperFactoryBean with name 'userDao' and 'com.nox.rehia.dao.UserDao' mapperInterface
  2015-12-10 23:17:34  [ main:627 ] - [ DEBUG ]  Enabling autowire by type for MapperFactoryBean with name 'userDao'.
  2015-12-10 23:17:34  [ main:629 ] - [ DEBUG ]  Creating shared instance of singleton bean 'propertyConfigurer'
  2015-12-10 23:17:34  [ main:629 ] - [ DEBUG ]  Creating instance of bean 'propertyConfigurer'
  2015-12-10 23:17:34  [ main:632 ] - [ DEBUG ]  Eagerly caching bean 'propertyConfigurer' to allow for resolving potential circular references
  2015-12-10 23:17:34  [ main:645 ] - [ DEBUG ]  Looking for matching resources in directory tree [/Users/edward/Documents/workspace/rehia_ssh_ext/target/classes/properties]
  2015-12-10 23:17:34  [ main:646 ] - [ DEBUG ]  Searching directory [/Users/edward/Documents/workspace/rehia_ssh_ext/target/classes/properties] for files matching pattern [/Users/edward/Documents/workspace/rehia_ssh_ext/target/classes/properties/*.properties]
  2015-12-10 23:17:34  [ main:646 ] - [ DEBUG ]  Resolved location pattern [classpath:properties/*.properties] to resources [file [/Users/edward/Documents/workspace/rehia_ssh_ext/target/classes/properties/jdbc.properties]]
  2015-12-10 23:17:34  [ main:647 ] - [ DEBUG ]  Finished creating instance of bean 'propertyConfigurer'
  2015-12-10 23:17:34  [ main:650 ] - [ INFO ]  Loading properties file from file [/Users/edward/Documents/workspace/rehia_ssh_ext/target/classes/properties/jdbc.properties]
  2015-12-10 23:17:34  [ main:660 ] - [ DEBUG ]  Creating shared instance of singleton bean 'org.springframework.context.annotation.internalAutowiredAnnotationProcessor'
  2015-12-10 23:17:34  [ main:660 ] - [ DEBUG ]  Creating instance of bean 'org.springframework.context.annotation.internalAutowiredAnnotationProcessor'
  2015-12-10 23:17:34  [ main:661 ] - [ DEBUG ]  Eagerly caching bean 'org.springframework.context.annotation.internalAutowiredAnnotationProcessor' to allow for resolving potential circular references
  2015-12-10 23:17:34  [ main:661 ] - [ DEBUG ]  Finished creating instance of bean 'org.springframework.context.annotation.internalAutowiredAnnotationProcessor'
  2015-12-10 23:17:34  [ main:661 ] - [ DEBUG ]  Creating shared instance of singleton bean 'org.springframework.context.annotation.internalRequiredAnnotationProcessor'
  2015-12-10 23:17:34  [ main:661 ] - [ DEBUG ]  Creating instance of bean 'org.springframework.context.annotation.internalRequiredAnnotationProcessor'
  2015-12-10 23:17:34  [ main:662 ] - [ DEBUG ]  Eagerly caching bean 'org.springframework.context.annotation.internalRequiredAnnotationProcessor' to allow for resolving potential circular references
  2015-12-10 23:17:34  [ main:662 ] - [ DEBUG ]  Finished creating instance of bean 'org.springframework.context.annotation.internalRequiredAnnotationProcessor'
  2015-12-10 23:17:34  [ main:663 ] - [ DEBUG ]  Creating shared instance of singleton bean 'org.springframework.context.annotation.internalCommonAnnotationProcessor'
  2015-12-10 23:17:34  [ main:663 ] - [ DEBUG ]  Creating instance of bean 'org.springframework.context.annotation.internalCommonAnnotationProcessor'
  2015-12-10 23:17:34  [ main:669 ] - [ DEBUG ]  Eagerly caching bean 'org.springframework.context.annotation.internalCommonAnnotationProcessor' to allow for resolving potential circular references
  2015-12-10 23:17:34  [ main:669 ] - [ DEBUG ]  Finished creating instance of bean 'org.springframework.context.annotation.internalCommonAnnotationProcessor'
  2015-12-10 23:17:34  [ main:669 ] - [ DEBUG ]  Creating shared instance of singleton bean 'org.springframework.context.annotation.ConfigurationClassPostProcessor.importAwareProcessor'
  2015-12-10 23:17:34  [ main:669 ] - [ DEBUG ]  Creating instance of bean 'org.springframework.context.annotation.ConfigurationClassPostProcessor.importAwareProcessor'
  2015-12-10 23:17:34  [ main:670 ] - [ DEBUG ]  Eagerly caching bean 'org.springframework.context.annotation.ConfigurationClassPostProcessor.importAwareProcessor' to allow for resolving potential circular references
  2015-12-10 23:17:34  [ main:670 ] - [ DEBUG ]  Finished creating instance of bean 'org.springframework.context.annotation.ConfigurationClassPostProcessor.importAwareProcessor'
  2015-12-10 23:17:34  [ main:674 ] - [ DEBUG ]  Unable to locate MessageSource with name 'messageSource': using default [org.springframework.context.support.DelegatingMessageSource@55ca8de8]
  2015-12-10 23:17:34  [ main:677 ] - [ DEBUG ]  Unable to locate ApplicationEventMulticaster with name 'applicationEventMulticaster': using default [org.springframework.context.event.SimpleApplicationEventMulticaster@2aece37d]
  2015-12-10 23:17:34  [ main:679 ] - [ INFO ]  Pre-instantiating singletons in org.springframework.beans.factory.support.DefaultListableBeanFactory@192d3247: defining beans [propertyConfigurer,dataSource,org.mybatis.spring.mapper.MapperScannerConfigurer#0,sqlSessionFactory,userServiceImpl,org.springframework.context.annotation.internalConfigurationAnnotationProcessor,org.springframework.context.annotation.internalAutowiredAnnotationProcessor,org.springframework.context.annotation.internalRequiredAnnotationProcessor,org.springframework.context.annotation.internalCommonAnnotationProcessor,org.springframework.context.annotation.ConfigurationClassPostProcessor.importAwareProcessor,userDao]; root of factory hierarchy
  2015-12-10 23:17:34  [ main:679 ] - [ DEBUG ]  Returning cached instance of singleton bean 'propertyConfigurer'
  2015-12-10 23:17:34  [ main:680 ] - [ DEBUG ]  Creating shared instance of singleton bean 'dataSource'
  2015-12-10 23:17:34  [ main:680 ] - [ DEBUG ]  Creating instance of bean 'dataSource'
  2015-12-10 23:17:34  [ main:685 ] - [ DEBUG ]  Eagerly caching bean 'dataSource' to allow for resolving potential circular references
  2015-12-10 23:17:34  [ main:704 ] - [ INFO ]  Loaded JDBC driver: com.mysql.jdbc.Driver
  2015-12-10 23:17:34  [ main:705 ] - [ DEBUG ]  Finished creating instance of bean 'dataSource'
  2015-12-10 23:17:34  [ main:706 ] - [ DEBUG ]  Returning cached instance of singleton bean 'org.mybatis.spring.mapper.MapperScannerConfigurer#0'
  2015-12-10 23:17:34  [ main:706 ] - [ DEBUG ]  Creating shared instance of singleton bean 'sqlSessionFactory'
  2015-12-10 23:17:34  [ main:706 ] - [ DEBUG ]  Creating instance of bean 'sqlSessionFactory'
  2015-12-10 23:17:34  [ main:722 ] - [ DEBUG ]  Eagerly caching bean 'sqlSessionFactory' to allow for resolving potential circular references
  2015-12-10 23:17:34  [ main:728 ] - [ DEBUG ]  Returning cached instance of singleton bean 'dataSource'
  2015-12-10 23:17:34  [ main:730 ] - [ DEBUG ]  Looking for matching resources in directory tree [/Users/edward/Documents/workspace/rehia_ssh_ext/target/test-classes/com/nox/rehia]
  2015-12-10 23:17:34  [ main:730 ] - [ DEBUG ]  Searching directory [/Users/edward/Documents/workspace/rehia_ssh_ext/target/test-classes/com/nox/rehia] for files matching pattern [/Users/edward/Documents/workspace/rehia_ssh_ext/target/test-classes/com/nox/rehia/**/*.xml]
  2015-12-10 23:17:34  [ main:731 ] - [ DEBUG ]  Searching directory [/Users/edward/Documents/workspace/rehia_ssh_ext/target/test-classes/com/nox/rehia/services] for files matching pattern [/Users/edward/Documents/workspace/rehia_ssh_ext/target/test-classes/com/nox/rehia/**/*.xml]
  2015-12-10 23:17:34  [ main:732 ] - [ DEBUG ]  Searching directory [/Users/edward/Documents/workspace/rehia_ssh_ext/target/test-classes/com/nox/rehia/test] for files matching pattern [/Users/edward/Documents/workspace/rehia_ssh_ext/target/test-classes/com/nox/rehia/**/*.xml]
  2015-12-10 23:17:34  [ main:732 ] - [ DEBUG ]  Looking for matching resources in directory tree [/Users/edward/Documents/workspace/rehia_ssh_ext/target/classes/com/nox/rehia]
  2015-12-10 23:17:34  [ main:733 ] - [ DEBUG ]  Searching directory [/Users/edward/Documents/workspace/rehia_ssh_ext/target/classes/com/nox/rehia] for files matching pattern [/Users/edward/Documents/workspace/rehia_ssh_ext/target/classes/com/nox/rehia/**/*.xml]
  2015-12-10 23:17:34  [ main:733 ] - [ DEBUG ]  Searching directory [/Users/edward/Documents/workspace/rehia_ssh_ext/target/classes/com/nox/rehia/dao] for files matching pattern [/Users/edward/Documents/workspace/rehia_ssh_ext/target/classes/com/nox/rehia/**/*.xml]
  2015-12-10 23:17:34  [ main:734 ] - [ DEBUG ]  Searching directory [/Users/edward/Documents/workspace/rehia_ssh_ext/target/classes/com/nox/rehia/domain] for files matching pattern [/Users/edward/Documents/workspace/rehia_ssh_ext/target/classes/com/nox/rehia/**/*.xml]
  2015-12-10 23:17:34  [ main:735 ] - [ DEBUG ]  Searching directory [/Users/edward/Documents/workspace/rehia_ssh_ext/target/classes/com/nox/rehia/mapper] for files matching pattern [/Users/edward/Documents/workspace/rehia_ssh_ext/target/classes/com/nox/rehia/**/*.xml]
  2015-12-10 23:17:34  [ main:735 ] - [ DEBUG ]  Searching directory [/Users/edward/Documents/workspace/rehia_ssh_ext/target/classes/com/nox/rehia/services] for files matching pattern [/Users/edward/Documents/workspace/rehia_ssh_ext/target/classes/com/nox/rehia/**/*.xml]
  2015-12-10 23:17:34  [ main:737 ] - [ DEBUG ]  Resolved location pattern [classpath*:com/nox/rehia/**/*.xml] to resources [file [/Users/edward/Documents/workspace/rehia_ssh_ext/target/classes/com/nox/rehia/mapper/UserMapper.xml]]
  2015-12-10 23:17:34  [ main:739 ] - [ DEBUG ]  Invoking afterPropertiesSet() on bean with name 'sqlSessionFactory'
  2015-12-10 23:17:34  [ main:852 ] - [ DEBUG ]  Parsed configuration file: 'class path resource [mybatis/mybatis-config.xml]'
  2015-12-10 23:17:34  [ main:859 ] - [ DEBUG ]  Creating new JDBC DriverManager Connection to [jdbc:mysql://localhost:3306/Rehia]
  2015-12-10 23:17:35  [ main:1234 ] - [ DEBUG ]  Parsed mapper file: 'file [/Users/edward/Documents/workspace/rehia_ssh_ext/target/classes/com/nox/rehia/mapper/UserMapper.xml]'
  2015-12-10 23:17:35  [ main:1235 ] - [ DEBUG ]  Finished creating instance of bean 'sqlSessionFactory'
  2015-12-10 23:17:35  [ main:1236 ] - [ DEBUG ]  Creating shared instance of singleton bean 'userServiceImpl'
  2015-12-10 23:17:35  [ main:1236 ] - [ DEBUG ]  Creating instance of bean 'userServiceImpl'
  2015-12-10 23:17:35  [ main:1238 ] - [ DEBUG ]  Registered injected element on class [com.nox.rehia.services.UserServiceImpl]: AutowiredFieldElement for private com.nox.rehia.dao.UserDao com.nox.rehia.services.UserServiceImpl.userDao
  2015-12-10 23:17:35  [ main:1238 ] - [ DEBUG ]  Eagerly caching bean 'userServiceImpl' to allow for resolving potential circular references
  2015-12-10 23:17:35  [ main:1240 ] - [ DEBUG ]  Processing injected method of bean 'userServiceImpl': AutowiredFieldElement for private com.nox.rehia.dao.UserDao com.nox.rehia.services.UserServiceImpl.userDao
  2015-12-10 23:17:35  [ main:1242 ] - [ DEBUG ]  Creating shared instance of singleton bean 'userDao'
  2015-12-10 23:17:35  [ main:1242 ] - [ DEBUG ]  Creating instance of bean 'userDao'
  2015-12-10 23:17:35  [ main:1242 ] - [ DEBUG ]  Eagerly caching bean 'userDao' to allow for resolving potential circular references
  2015-12-10 23:17:35  [ main:1247 ] - [ DEBUG ]  Returning eagerly cached instance of singleton bean 'userDao' that is not fully initialized yet - a consequence of a circular reference
  2015-12-10 23:17:35  [ main:1247 ] - [ DEBUG ]  Returning cached instance of singleton bean 'sqlSessionFactory'
  2015-12-10 23:17:35  [ main:1247 ] - [ DEBUG ]  Autowiring by type from bean name 'userDao' via property 'sqlSessionFactory' to bean named 'sqlSessionFactory'
  2015-12-10 23:17:35  [ main:1256 ] - [ DEBUG ]  Invoking afterPropertiesSet() on bean with name 'userDao'
  2015-12-10 23:17:35  [ main:1257 ] - [ DEBUG ]  Finished creating instance of bean 'userDao'
  2015-12-10 23:17:35  [ main:1257 ] - [ DEBUG ]  Returning cached instance of singleton bean 'userDao'
  2015-12-10 23:17:35  [ main:1259 ] - [ DEBUG ]  Autowiring by type from bean name 'userServiceImpl' to bean named 'userDao'
  2015-12-10 23:17:35  [ main:1259 ] - [ DEBUG ]  Finished creating instance of bean 'userServiceImpl'
  2015-12-10 23:17:35  [ main:1259 ] - [ DEBUG ]  Returning cached instance of singleton bean 'org.springframework.context.annotation.internalConfigurationAnnotationProcessor'
  2015-12-10 23:17:35  [ main:1260 ] - [ DEBUG ]  Returning cached instance of singleton bean 'org.springframework.context.annotation.internalAutowiredAnnotationProcessor'
  2015-12-10 23:17:35  [ main:1260 ] - [ DEBUG ]  Returning cached instance of singleton bean 'org.springframework.context.annotation.internalRequiredAnnotationProcessor'
  2015-12-10 23:17:35  [ main:1260 ] - [ DEBUG ]  Returning cached instance of singleton bean 'org.springframework.context.annotation.internalCommonAnnotationProcessor'
  2015-12-10 23:17:35  [ main:1260 ] - [ DEBUG ]  Returning cached instance of singleton bean 'org.springframework.context.annotation.ConfigurationClassPostProcessor.importAwareProcessor'
  2015-12-10 23:17:35  [ main:1260 ] - [ DEBUG ]  Returning cached instance of singleton bean 'userDao'
  2015-12-10 23:17:35  [ main:1262 ] - [ DEBUG ]  Unable to locate LifecycleProcessor with name 'lifecycleProcessor': using default [org.springframework.context.support.DefaultLifecycleProcessor@62ddbd7e]
  2015-12-10 23:17:35  [ main:1262 ] - [ DEBUG ]  Returning cached instance of singleton bean 'lifecycleProcessor'
  2015-12-10 23:17:35  [ main:1265 ] - [ DEBUG ]  Returning cached instance of singleton bean 'sqlSessionFactory'
  2015-12-10 23:17:35  [ main:1267 ] - [ DEBUG ]  Searching for key 'spring.liveBeansView.mbeanDomain' in [systemProperties]
  2015-12-10 23:17:35  [ main:1267 ] - [ DEBUG ]  Searching for key 'spring.liveBeansView.mbeanDomain' in [systemEnvironment]
  2015-12-10 23:17:35  [ main:1268 ] - [ DEBUG ]  Could not find key 'spring.liveBeansView.mbeanDomain' in any property source. Returning [null]
  2015-12-10 23:17:35  [ main:1269 ] - [ DEBUG ]  Storing ApplicationContext in cache under key [[MergedContextConfiguration@4563e9ab testClass = UserServiceTest, locations = '{classpath:application.xml}', classes = '{}', contextInitializerClasses = '[]', activeProfiles = '{}', contextLoader = 'org.springframework.test.context.support.DelegatingSmartContextLoader', parent = [null]]].
  2015-12-10 23:17:35  [ main:1273 ] - [ DEBUG ]  Processing injected method of bean 'com.nox.rehia.services.UserServiceTest': AutowiredFieldElement for private com.nox.rehia.services.UserServices com.nox.rehia.services.UserServiceTest.userService
  2015-12-10 23:17:35  [ main:1273 ] - [ DEBUG ]  Returning cached instance of singleton bean 'userServiceImpl'
  2015-12-10 23:17:35  [ main:1273 ] - [ DEBUG ]  Autowiring by type from bean name 'com.nox.rehia.services.UserServiceTest' to bean named 'userServiceImpl'
  2015-12-10 23:17:35  [ main:1282 ] - [ DEBUG ]  Creating a new SqlSession
  2015-12-10 23:17:35  [ main:1288 ] - [ DEBUG ]  SqlSession [org.apache.ibatis.session.defaults.DefaultSqlSession@6913c1fb] was not registered for synchronization because synchronization is not active
  2015-12-10 23:17:35  [ main:1348 ] - [ DEBUG ]  Fetching JDBC Connection from DataSource
  2015-12-10 23:17:35  [ main:1348 ] - [ DEBUG ]  Creating new JDBC DriverManager Connection to [jdbc:mysql://localhost:3306/Rehia]
  2015-12-10 23:17:35  [ main:1363 ] - [ DEBUG ]  JDBC Connection [com.mysql.jdbc.JDBC4Connection@ba54932] will not be managed by Spring
  2015-12-10 23:17:35  [ main:1367 ] - [ DEBUG ]  ooo Using Connection [com.mysql.jdbc.JDBC4Connection@ba54932]
  2015-12-10 23:17:35  [ main:1382 ] - [ DEBUG ]  ==>  Preparing: SELECT * FROM Rehia.RAUSER WHERE USER_ID = ? 
  2015-12-10 23:17:35  [ main:1428 ] - [ DEBUG ]  ==> Parameters: 10(Integer)
  2015-12-10 23:17:35  [ main:1455 ] - [ DEBUG ]  Closing non transactional SqlSession [org.apache.ibatis.session.defaults.DefaultSqlSession@6913c1fb]
  2015-12-10 23:17:35  [ main:1456 ] - [ DEBUG ]  Returning JDBC Connection to DataSource
  2015-12-10 23:17:35  [ main:1457 ] - [ DEBUG ]  查找结果User [userId=10, userName=apple, userPassword=uih6, userEmail=ff@qq.com]
  2015-12-10 23:17:35  [ main:1458 ] - [ DEBUG ]  After test method: context [[TestContext@71c7db30 testClass = UserServiceTest, testInstance = com.nox.rehia.services.UserServiceTest@19bb089b, testMethod = selectUserByIdTest@UserServiceTest, testException = [null], mergedContextConfiguration = [MergedContextConfiguration@4563e9ab testClass = UserServiceTest, locations = '{classpath:application.xml}', classes = '{}', contextInitializerClasses = '[]', activeProfiles = '{}', contextLoader = 'org.springframework.test.context.support.DelegatingSmartContextLoader', parent = [null]]]], class dirties context [false], class mode [null], method dirties context [false].
  2015-12-10 23:17:35  [ main:1459 ] - [ DEBUG ]  After test class: context [[TestContext@71c7db30 testClass = UserServiceTest, testInstance = [null], testMethod = [null], testException = [null], mergedContextConfiguration = [MergedContextConfiguration@4563e9ab testClass = UserServiceTest, locations = '{classpath:application.xml}', classes = '{}', contextInitializerClasses = '[]', activeProfiles = '{}', contextLoader = 'org.springframework.test.context.support.DelegatingSmartContextLoader', parent = [null]]]], dirtiesContext [false].
  2015-12-10 23:17:35  [ Thread-0:1484 ] - [ INFO ]  Closing org.springframework.context.support.GenericApplicationContext@19dfb72a: startup date [Thu Dec 10 23:17:34 CST 2015]; root of context hierarchy
  2015-12-10 23:17:35  [ Thread-0:1485 ] - [ DEBUG ]  Returning cached instance of singleton bean 'sqlSessionFactory'
  2015-12-10 23:17:35  [ Thread-0:1485 ] - [ DEBUG ]  Returning cached instance of singleton bean 'lifecycleProcessor'
  2015-12-10 23:17:35  [ Thread-0:1485 ] - [ INFO ]  Destroying singletons in org.springframework.beans.factory.support.DefaultListableBeanFactory@192d3247: defining beans [propertyConfigurer,dataSource,org.mybatis.spring.mapper.MapperScannerConfigurer#0,sqlSessionFactory,userServiceImpl,org.springframework.context.annotation.internalConfigurationAnnotationProcessor,org.springframework.context.annotation.internalAutowiredAnnotationProcessor,org.springframework.context.annotation.internalRequiredAnnotationProcessor,org.springframework.context.annotation.internalCommonAnnotationProcessor,org.springframework.context.annotation.ConfigurationClassPostProcessor.importAwareProcessor,userDao]; root of factory hierarchy
  2015-12-10 23:17:35  [ Thread-0:1485 ] - [ DEBUG ]  Retrieved dependent beans for bean 'userServiceImpl': [com.nox.rehia.services.UserServiceTest]
  